f:\project\github\myqtlib\myqtlib\myqtlibdemo\x64\debug\qtdrawdemo.obj
f:\project\github\myqtlib\myqtlib\myqtlibdemo\x64\debug\qrc_myqtlibdemo.obj
f:\project\github\myqtlib\myqtlib\myqtlibdemo\x64\debug\myqtlibdemo.obj
f:\project\github\myqtlib\myqtlib\myqtlibdemo\x64\debug\moc_ccenterwidget.obj
f:\project\github\myqtlib\myqtlib\myqtlibdemo\x64\debug\main.obj
f:\project\github\myqtlib\myqtlib\myqtlibdemo\x64\debug\moc_qtdrawdemo.obj
f:\project\github\myqtlib\myqtlib\myqtlibdemo\x64\debug\ccenterwidget.obj
f:\project\github\myqtlib\myqtlib\myqtlibdemo\x64\debug\moc_myqtlibdemo.obj
f:\project\github\myqtlib\myqtlib\myqtlibdemo\x64\debug\vc141.pdb
f:\project\github\myqtlib\myqtlib\x64\debug\myqtlibdemo.exe
f:\project\github\myqtlib\myqtlib\x64\debug\myqtlibdemo.ilk
f:\project\github\myqtlib\myqtlib\x64\debug\myqtlibdemo.pdb
f:\project\github\myqtlib\myqtlib\myqtlibdemo\generatedfiles\debug\moc_myqtlibdemo.cpp
f:\project\github\myqtlib\myqtlib\myqtlibdemo\generatedfiles\debug\moc_ccenterwidget.cpp
f:\project\github\myqtlib\myqtlib\myqtlibdemo\generatedfiles\debug\moc_qtdrawdemo.cpp
f:\project\github\myqtlib\myqtlib\myqtlibdemo\generatedfiles\qrc_myqtlibdemo.cpp
f:\project\github\myqtlib\myqtlib\myqtlibdemo\generatedfiles\ui_qtdrawdemo.h
f:\project\github\myqtlib\myqtlib\myqtlibdemo\generatedfiles\ui_myqtlibdemo.h
f:\project\github\myqtlib\myqtlib\myqtlibdemo\.\generatedfiles\debug\moc_myqtlibdemo.cpp
f:\project\github\myqtlib\myqtlib\myqtlibdemo\.\generatedfiles\debug\moc_ccenterwidget.cpp
f:\project\github\myqtlib\myqtlib\myqtlibdemo\.\generatedfiles\debug\moc_qtdrawdemo.cpp
f:\project\github\myqtlib\myqtlib\myqtlibdemo\.\generatedfiles\qrc_myqtlibdemo.cpp
f:\project\github\myqtlib\myqtlib\myqtlibdemo\.\generatedfiles\ui_qtdrawdemo.h
f:\project\github\myqtlib\myqtlib\myqtlibdemo\.\generatedfiles\ui_myqtlibdemo.h
f:\project\github\myqtlib\myqtlib\myqtlibdemo\x64\debug\myqtlibdemo.tlog\cl.command.1.tlog
f:\project\github\myqtlib\myqtlib\myqtlibdemo\x64\debug\myqtlibdemo.tlog\cl.read.1.tlog
f:\project\github\myqtlib\myqtlib\myqtlibdemo\x64\debug\myqtlibdemo.tlog\cl.write.1.tlog
f:\project\github\myqtlib\myqtlib\myqtlibdemo\x64\debug\myqtlibdemo.tlog\link.command.1.tlog
f:\project\github\myqtlib\myqtlib\myqtlibdemo\x64\debug\myqtlibdemo.tlog\link.read.1.tlog
f:\project\github\myqtlib\myqtlib\myqtlibdemo\x64\debug\myqtlibdemo.tlog\link.write.1.tlog
f:\project\github\myqtlib\myqtlib\myqtlibdemo\x64\debug\myqtlibdemo.tlog\myqtlibdemo.write.1u.tlog
f:\project\github\myqtlib\myqtlib\myqtlibdemo\x64\debug\myqtlibdemo.tlog\qtmoc.read.1u.tlog
f:\project\github\myqtlib\myqtlib\myqtlibdemo\x64\debug\myqtlibdemo.tlog\qtmoc.write.1u.tlog
f:\project\github\myqtlib\myqtlib\myqtlibdemo\x64\debug\myqtlibdemo.tlog\qtrcc.read.1u.tlog
f:\project\github\myqtlib\myqtlib\myqtlibdemo\x64\debug\myqtlibdemo.tlog\qtrcc.write.1u.tlog
f:\project\github\myqtlib\myqtlib\myqtlibdemo\x64\debug\myqtlibdemo.tlog\qtuic.read.1u.tlog
f:\project\github\myqtlib\myqtlib\myqtlibdemo\x64\debug\myqtlibdemo.tlog\qtuic.write.1u.tlog
