f:\project\vs2017_projects\myqtlib\myqtlib\x64\debug\ceffects.obj
f:\project\vs2017_projects\myqtlib\myqtlib\x64\debug\myqtlib.obj
f:\project\vs2017_projects\myqtlib\myqtlib\x64\debug\cthumbnailutil.obj
f:\project\vs2017_projects\myqtlib\myqtlib\x64\debug\fileutil.obj
f:\project\vs2017_projects\myqtlib\myqtlib\x64\debug\pdffile.obj
f:\project\vs2017_projects\myqtlib\myqtlib\x64\debug\cshape.obj
f:\project\vs2017_projects\myqtlib\myqtlib\x64\debug\myqtlib.pdb
f:\project\vs2017_projects\myqtlib\myqtlib\x64\debug\cdownloadnetdata.obj
f:\project\vs2017_projects\myqtlib\myqtlib\x64\debug\moc_cdownloadnetdata.obj
f:\project\vs2017_projects\myqtlib\myqtlib\x64\debug\commonfunc.obj
f:\project\vs2017_projects\myqtlib\myqtlib\x64\debug\cdragstretch.obj
f:\project\vs2017_projects\myqtlib\myqtlib\x64\debug\moc_cdrawingwidget.obj
f:\project\vs2017_projects\myqtlib\myqtlib\x64\debug\cdrawingwidget.obj
f:\project\vs2017_projects\myqtlib\x64\debug\myqtlib.lib
f:\project\vs2017_projects\myqtlib\myqtlib\generatedfiles\debug\moc_cdownloadnetdata.cpp
f:\project\vs2017_projects\myqtlib\myqtlib\generatedfiles\debug\moc_cdrawingwidget.cpp
f:\project\vs2017_projects\myqtlib\myqtlib\generatedfiles\ui_widget.h
f:\project\vs2017_projects\myqtlib\myqtlib\.\generatedfiles\debug\moc_cdownloadnetdata.cpp
f:\project\vs2017_projects\myqtlib\myqtlib\.\generatedfiles\debug\moc_cdrawingwidget.cpp
f:\project\vs2017_projects\myqtlib\myqtlib\.\generatedfiles\ui_widget.h
f:\project\vs2017_projects\myqtlib\x64\debug\myqtlib.pdb
f:\project\vs2017_projects\myqtlib\myqtlib\x64\debug\myqtlib.tlog\cl.command.1.tlog
f:\project\vs2017_projects\myqtlib\myqtlib\x64\debug\myqtlib.tlog\cl.read.1.tlog
f:\project\vs2017_projects\myqtlib\myqtlib\x64\debug\myqtlib.tlog\cl.write.1.tlog
f:\project\vs2017_projects\myqtlib\myqtlib\x64\debug\myqtlib.tlog\lib-link.read.1.tlog
f:\project\vs2017_projects\myqtlib\myqtlib\x64\debug\myqtlib.tlog\lib-link.write.1.tlog
f:\project\vs2017_projects\myqtlib\myqtlib\x64\debug\myqtlib.tlog\lib.command.1.tlog
f:\project\vs2017_projects\myqtlib\myqtlib\x64\debug\myqtlib.tlog\myqtlib.write.1u.tlog
f:\project\vs2017_projects\myqtlib\myqtlib\x64\debug\myqtlib.tlog\qtmoc.read.1u.tlog
f:\project\vs2017_projects\myqtlib\myqtlib\x64\debug\myqtlib.tlog\qtmoc.write.1u.tlog
f:\project\vs2017_projects\myqtlib\myqtlib\x64\debug\myqtlib.tlog\qtuic.read.1u.tlog
f:\project\vs2017_projects\myqtlib\myqtlib\x64\debug\myqtlib.tlog\qtuic.write.1u.tlog
